2026-06-13 04:26:26,995 INFO  Username fetched from Excel
2026-06-13 04:26:28,338 INFO  Login action completed
2026-06-13 04:33:38,249 INFO  Account Overview Test Started
2026-06-13 04:33:40,209 INFO  Login Successful
2026-06-13 10:15:48,724 INFO  Account Overview Test Started
2026-06-13 10:15:49,689 INFO  Login Successful
2026-06-13 10:15:51,100 INFO  Account Overview Page Opened
2026-06-13 10:15:51,159 INFO  Account Overview Test Passed
2026-06-14 19:13:29,528 INFO  Account Overview Test Started
2026-06-14 19:13:31,089 INFO  Login Successful
2026-06-14 19:13:31,535 INFO  Account Overview Page Opened
2026-06-14 19:13:31,550 INFO  Account Overview Test Passed
2026-06-14 19:39:09,693 INFO  Account Overview Test Started
2026-06-14 19:39:11,230 INFO  Login Successful
2026-06-14 19:39:11,648 INFO  Account Overview Page Opened
2026-06-14 19:39:11,659 INFO  Account Overview Test Passed
2026-06-14 19:48:09,716 INFO  Account Overview Test Started
2026-06-14 19:48:11,887 INFO  Login Successful
2026-06-14 19:48:12,289 INFO  Account Overview Page Opened
2026-06-14 19:48:12,311 INFO  Account Overview Test Passed
2026-06-14 20:09:54,582 INFO  Account Overview Test Started
2026-06-14 20:09:56,391 INFO  Login Successful
2026-06-14 20:09:57,773 INFO  Account Overview Page Opened
2026-06-14 20:09:57,785 INFO  Account Overview Test Passed
